# JRE version: Java(TM) SE Runtime Environment (8.0_161-b12) (build 1.8.0_161-b12)
# Java VM: Java HotSpot(TM) 64-Bit Server VM (25.161-b12 mixed mode linux-amd64 compressed oops)
Heap:
 PSYoungGen      total 579072K, used 307797K [0x00000000d8100000, 0x00000000fe200000, 0x0000000100000000)
  eden space 543744K, 53% used [0x00000000d8100000,0x00000000e9e97038,0x00000000f9400000)
  from space 35328K, 43% used [0x00000000fbf80000,0x00000000fce7e6b0,0x00000000fe200000)
  to   space 39936K, 0% used [0x00000000f9400000,0x00000000f9400000,0x00000000fbb00000)
 ParOldGen       total 254976K, used 123501K [0x0000000088200000, 0x0000000097b00000, 0x00000000d8100000)
  object space 254976K, 48% used [0x0000000088200000,0x000000008fa9b498,0x0000000097b00000)
 Metaspace       used 99111K, capacity 100691K, committed 101376K, reserved 1138688K
  class space    used 11334K, capacity 11593K, committed 11776K, reserved 1048576K
GC Heap History (10 events):
Event: 5680.990 GC heap before
{Heap before GC invocations=26 (full 4):
 PSYoungGen      total 523776K, used 498688K [0x00000000d8100000, 0x00000000fcc80000, 0x0000000100000000)
  eden space 498688K, 100% used [0x00000000d8100000,0x00000000f6800000,0x00000000f6800000)
  from space 25088K, 0% used [0x00000000f9080000,0x00000000f9080000,0x00000000fa900000)
  to   space 36352K, 0% used [0x00000000fa900000,0x00000000fa900000,0x00000000fcc80000)
 ParOldGen       total 254976K, used 123461K [0x0000000088200000, 0x0000000097b00000, 0x00000000d8100000)
  object space 254976K, 48% used [0x0000000088200000,0x000000008fa91498,0x0000000097b00000)
 Metaspace       used 96576K, capacity 98111K, committed 98816K, reserved 1136640K
  class space    used 11303K, capacity 11579K, committed 11776K, reserved 1048576K
Event: 5681.010 GC heap after
Heap after GC invocations=26 (full 4):
 PSYoungGen      total 555520K, used 7410K [0x00000000d8100000, 0x00000000fdc00000, 0x0000000100000000)
  eden space 519168K, 0% used [0x00000000d8100000,0x00000000d8100000,0x00000000f7c00000)
  from space 36352K, 20% used [0x00000000fa900000,0x00000000fb03cb08,0x00000000fcc80000)
  to   space 46080K, 0% used [0x00000000f7c00000,0x00000000f7c00000,0x00000000fa900000)
 ParOldGen       total 254976K, used 123469K [0x0000000088200000, 0x0000000097b00000, 0x00000000d8100000)
  object space 254976K, 48% used [0x0000000088200000,0x000000008fa93498,0x0000000097b00000)
 Metaspace       used 96576K, capacity 98111K, committed 98816K, reserved 1136640K
  class space    used 11303K, capacity 11579K, committed 11776K, reserved 1048576K
}
Event: 11090.730 GC heap before
{Heap before GC invocations=27 (full 4):
 PSYoungGen      total 555520K, used 526578K [0x00000000d8100000, 0x00000000fdc00000, 0x0000000100000000)
  eden space 519168K, 100% used [0x00000000d8100000,0x00000000f7c00000,0x00000000f7c00000)
  from space 36352K, 20% used [0x00000000fa900000,0x00000000fb03cb08,0x00000000fcc80000)
  to   space 46080K, 0% used [0x00000000f7c00000,0x00000000f7c00000,0x00000000fa900000)
 ParOldGen       total 254976K, used 123469K [0x0000000088200000, 0x0000000097b00000, 0x00000000d8100000)
  object space 254976K, 48% used [0x0000000088200000,0x000000008fa93498,0x0000000097b00000)
 Metaspace       used 97277K, capacity 98833K, committed 99584K, reserved 1136640K
  class space    used 11311K, capacity 11582K, committed 11776K, reserved 1048576K
Event: 11090.749 GC heap after
Heap after GC invocations=27 (full 4):
 PSYoungGen      total 565248K, used 9619K [0x00000000d8100000, 0x00000000fe900000, 0x0000000100000000)
  eden space 519168K, 0% used [0x00000000d8100000,0x00000000d8100000,0x00000000f7c00000)
  from space 46080K, 20% used [0x00000000f7c00000,0x00000000f8564f30,0x00000000fa900000)
  to   space 45056K, 0% used [0x00000000fbd00000,0x00000000fbd00000,0x00000000fe900000)
 ParOldGen       total 254976K, used 123477K [0x0000000088200000, 0x0000000097b00000, 0x00000000d8100000)
  object space 254976K, 48% used [0x0000000088200000,0x000000008fa95498,0x0000000097b00000)
 Metaspace       used 97277K, capacity 98833K, committed 99584K, reserved 1136640K
  class space    used 11311K, capacity 11582K, committed 11776K, reserved 1048576K
}
Event: 11757.241 GC heap before
{Heap before GC invocations=28 (full 4):
 PSYoungGen      total 565248K, used 528787K [0x00000000d8100000, 0x00000000fe900000, 0x0000000100000000)
  eden space 519168K, 100% used [0x00000000d8100000,0x00000000f7c00000,0x00000000f7c00000)
  from space 46080K, 20% used [0x00000000f7c00000,0x00000000f8564f30,0x00000000fa900000)
  to   space 45056K, 0% used [0x00000000fbd00000,0x00000000fbd00000,0x00000000fe900000)
 ParOldGen       total 254976K, used 123477K [0x0000000088200000, 0x0000000097b00000, 0x00000000d8100000)
  object space 254976K, 48% used [0x0000000088200000,0x000000008fa95498,0x0000000097b00000)
 Metaspace       used 97985K, capacity 99597K, committed 100096K, reserved 1138688K
  class space    used 11324K, capacity 11592K, committed 11776K, reserved 1048576K
Event: 11757.256 GC heap after
Heap after GC invocations=28 (full 4):
 PSYoungGen      total 574464K, used 11469K [0x00000000d8100000, 0x00000000fe280000, 0x0000000100000000)
  eden space 536064K, 0% used [0x00000000d8100000,0x00000000d8100000,0x00000000f8c80000)
  from space 38400K, 29% used [0x00000000fbd00000,0x00000000fc8337b0,0x00000000fe280000)
  to   space 44032K, 0% used [0x00000000f8c80000,0x00000000f8c80000,0x00000000fb780000)
 ParOldGen       total 254976K, used 123485K [0x0000000088200000, 0x0000000097b00000, 0x00000000d8100000)
  object space 254976K, 48% used [0x0000000088200000,0x000000008fa97498,0x0000000097b00000)
 Metaspace       used 97985K, capacity 99597K, committed 100096K, reserved 1138688K
  class space    used 11324K, capacity 11592K, committed 11776K, reserved 1048576K
}
Event: 12585.338 GC heap before
{Heap before GC invocations=29 (full 4):
 PSYoungGen      total 574464K, used 547533K [0x00000000d8100000, 0x00000000fe280000, 0x0000000100000000)
  eden space 536064K, 100% used [0x00000000d8100000,0x00000000f8c80000,0x00000000f8c80000)
  from space 38400K, 29% used [0x00000000fbd00000,0x00000000fc8337b0,0x00000000fe280000)
  to   space 44032K, 0% used [0x00000000f8c80000,0x00000000f8c80000,0x00000000fb780000)
 ParOldGen       total 254976K, used 123485K [0x0000000088200000, 0x0000000097b00000, 0x00000000d8100000)
  object space 254976K, 48% used [0x0000000088200000,0x000000008fa97498,0x0000000097b00000)
 Metaspace       used 98467K, capacity 100045K, committed 100608K, reserved 1138688K
  class space    used 11327K, capacity 11592K, committed 11776K, reserved 1048576K
Event: 12585.357 GC heap after
Heap after GC invocations=29 (full 4):
 PSYoungGen      total 580096K, used 14711K [0x00000000d8100000, 0x00000000fe880000, 0x0000000100000000)
  eden space 536064K, 0% used [0x00000000d8100000,0x00000000d8100000,0x00000000f8c80000)
  from space 44032K, 33% used [0x00000000f8c80000,0x00000000f9addd68,0x00000000fb780000)
  to   space 41984K, 0% used [0x00000000fbf80000,0x00000000fbf80000,0x00000000fe880000)
 ParOldGen       total 254976K, used 123493K [0x0000000088200000, 0x0000000097b00000, 0x00000000d8100000)
  object space 254976K, 48% used [0x0000000088200000,0x000000008fa99498,0x0000000097b00000)
 Metaspace       used 98467K, capacity 100045K, committed 100608K, reserved 1138688K
  class space    used 11327K, capacity 11592K, committed 11776K, reserved 1048576K
}
Event: 12888.182 GC heap before
{Heap before GC invocations=30 (full 4):
 PSYoungGen      total 580096K, used 550557K [0x00000000d8100000, 0x00000000fe880000, 0x0000000100000000)
  eden space 536064K, 99% used [0x00000000d8100000,0x00000000f8c498a8,0x00000000f8c80000)
  from space 44032K, 33% used [0x00000000f8c80000,0x00000000f9addd68,0x00000000fb780000)
  to   space 41984K, 0% used [0x00000000fbf80000,0x00000000fbf80000,0x00000000fe880000)
 ParOldGen       total 254976K, used 123493K [0x0000000088200000, 0x0000000097b00000, 0x00000000d8100000)
  object space 254976K, 48% used [0x0000000088200000,0x000000008fa99498,0x0000000097b00000)
 Metaspace       used 98984K, capacity 100563K, committed 101120K, reserved 1138688K
  class space    used 11333K, capacity 11593K, committed 11776K, reserved 1048576K
Event: 12888.203 GC heap after
Heap after GC invocations=30 (full 4):
 PSYoungGen      total 579072K, used 15353K [0x00000000d8100000, 0x00000000fe200000, 0x0000000100000000)
  eden space 543744K, 0% used [0x00000000d8100000,0x00000000d8100000,0x00000000f9400000)
  from space 35328K, 43% used [0x00000000fbf80000,0x00000000fce7e6b0,0x00000000fe200000)
  to   space 39936K, 0% used [0x00000000f9400000,0x00000000f9400000,0x00000000fbb00000)
 ParOldGen       total 254976K, used 123501K [0x0000000088200000, 0x0000000097b00000, 0x00000000d8100000)
  object space 254976K, 48% used [0x0000000088200000,0x000000008fa9b498,0x0000000097b00000)
 Metaspace       used 98984K, capacity 100563K, committed 101120K, reserved 1138688K
  class space    used 11333K, capacity 11593K, committed 11776K, reserved 1048576K
}

